<?xml version="1.0" encoding="UTF-8"?>
<!-- Generated by org.testng.reporters.JUnitReportReporter -->
<testsuite hostname="DESKTOP-B7U7TDD" failures="0" tests="1" name="com.test.sbs.test.GoogleHomePageTest" time="6.229" errors="0" timestamp="2022-04-18T23:11:59 IST" skipped="0">
  <testcase classname="com.test.sbs.test.GoogleHomePageTest" name="f" time="6.229"/>
  <system-out/>
</testsuite> <!-- com.test.sbs.test.GoogleHomePageTest -->
